{
  "RSpec": {
    "coverage": {
      "/home/generasi-gigih-homeworks/module-4/session-2/array_incrementer.rb": {
        "lines": [
          1,
          1,
          10,
          null,
          null,
          1,
          5,
          5,
          5,
          5,
          null,
          null,
          1,
          5,
          5,
          5,
          7,
          7,
          2,
          2,
          2,
          5,
          2,
          2,
          null,
          3,
          3,
          null,
          null,
          5,
          3,
          null,
          null,
          null
        ]
      }
    },
    "timestamp": 1627475412
  }
}
